\BOOKMARK [1][-]{section*.1}{\376\377\000M\000A\000E}{}% 1
\BOOKMARK [1][-]{section*.3}{\376\377\000M\000S\000E}{}% 2
\BOOKMARK [1][-]{section*.5}{\376\377\000M\000S\000L\000E}{}% 3
\BOOKMARK [1][-]{section*.7}{\376\377\000R\000M\000S\000E}{}% 4
\BOOKMARK [1][-]{section*.9}{\376\377\000R\000M\000S\000L\000E}{}% 5
\BOOKMARK [1][-]{section*.11}{\376\377\000M\000A\000P\000E}{}% 6
\BOOKMARK [1][-]{section*.13}{\376\377\000s\000M\000A\000P\000E}{}% 7
\BOOKMARK [1][-]{section*.15}{\376\377\000w\000M\000A\000P\000E}{}% 8
\BOOKMARK [1][-]{section*.17}{\376\377\000M\000A\000S\000E}{}% 9
\BOOKMARK [1][-]{section*.19}{\376\377\000M\000S\000P\000E}{}% 10
\BOOKMARK [1][-]{section*.21}{\376\377\000M\000D\000A}{}% 11
\BOOKMARK [1][-]{section*.23}{\376\377\000M\000A\000D}{}% 12
\BOOKMARK [1][-]{section*.25}{\376\377\000M\000P\000D}{}% 13
\BOOKMARK [1][-]{section*.27}{\376\377\000M\000G\000D}{}% 14
\BOOKMARK [1][-]{section*.29}{\376\377\000R\0002}{}% 15
\BOOKMARK [1][-]{section*.31}{\376\377\000D\0002}{}% 16
\BOOKMARK [1][-]{section*.33}{\376\377\000E\000x\000p\000l\000a\000i\000n\000e\000d\000\040\000V\000a\000r\000i\000a\000n\000c\000e\000\040\000S\000c\000o\000r\000e}{}% 17
\BOOKMARK [1][-]{section*.35}{\376\377\000C\000o\000n\000f\000u\000s\000i\000o\000n\000\040\000M\000a\000t\000r\000i\000x}{}% 18
\BOOKMARK [1][-]{section*.37}{\376\377\000F\000P\000R}{}% 19
\BOOKMARK [1][-]{section*.39}{\376\377\000F\000N\000R}{}% 20
\BOOKMARK [1][-]{section*.41}{\376\377\000F\000N\000R}{}% 21
\BOOKMARK [1][-]{section*.43}{\376\377\000T\000P\000R}{}% 22
\BOOKMARK [1][-]{section*.45}{\376\377\000T\000N\000R}{}% 23
\BOOKMARK [1][-]{section*.47}{\376\377\000A\000c\000c\000u\000r\000a\000c\000y}{}% 24
\BOOKMARK [1][-]{section*.49}{\376\377\000B\000a\000l\000a\000n\000c\000e\000d\000\040\000A\000c\000c\000u\000r\000a\000c\000y}{}% 25
\BOOKMARK [1][-]{section*.51}{\376\377\000P\000r\000e\000c\000i\000s\000i\000o\000n}{}% 26
\BOOKMARK [1][-]{section*.53}{\376\377\000F\0001\000-\000s\000c\000o\000r\000e}{}% 27
\BOOKMARK [1][-]{section*.55}{\376\377\000F\000-\000b\000e\000t\000a}{}% 28
\BOOKMARK [1][-]{section*.57}{\376\377\000F\000-\000b\000e\000t\000a}{}% 29
\BOOKMARK [1][-]{section*.59}{\376\377\000R\000O\000C\000\040\000A\000U\000C}{}% 30
\BOOKMARK [1][-]{section*.61}{\376\377\000P\000R\000\040\000A\000U\000C}{}% 31
\BOOKMARK [1][-]{section*.63}{\376\377\000B\000r\000i\000e\000r\000\040\000S\000c\000o\000r\000e\000\040\000L\000o\000s\000s}{}% 32
\BOOKMARK [1][-]{section*.65}{\376\377\000L\000o\000g\000\040\000L\000o\000s\000s}{}% 33
\BOOKMARK [1][-]{section*.67}{\376\377\000J\000a\000c\000c\000a\000r\000d\000\040\000S\000c\000o\000r\000e}{}% 34
\BOOKMARK [1][-]{section*.69}{\376\377\000D\0002\000\040\000L\000o\000g\000\040\000L\000o\000s\000s\000\040\000S\000c\000o\000r\000e}{}% 35
\BOOKMARK [1][-]{section*.71}{\376\377\000P\0004\000-\000m\000e\000t\000r\000i\000c}{}% 36
\BOOKMARK [1][-]{section*.73}{\376\377\000C\000o\000h\000e\000n\000'\000s\000\040\000K\000a\000p\000p\000a}{}% 37
\BOOKMARK [1][-]{section*.75}{\376\377\000P\000h\000i\000\040\000C\000o\000e\000f\000f\000i\000c\000i\000e\000n\000t}{}% 38
\BOOKMARK [1][-]{section*.77}{\376\377\000M\000C\000C}{}% 39
\BOOKMARK [1][-]{section*.79}{\376\377\000M\000u\000t\000u\000a\000l\000\040\000I\000n\000f\000o\000\040\000S\000c\000o\000r\000e}{}% 40
\BOOKMARK [1][-]{section*.81}{\376\377\000A\000d\000j\000u\000s\000t\000e\000d\000\040\000M\000u\000t\000u\000a\000l\000\040\000I\000n\000f\000o\000\040\000s\000c\000o\000r\000e}{}% 41
\BOOKMARK [1][-]{section*.83}{\376\377\000N\000o\000r\000m\000a\000l\000i\000z\000e\000d\000\040\000M\000u\000t\000u\000a\000l\000\040\000I\000n\000f\000o\000\040\000S\000c\000o\000r\000e}{}% 42
\BOOKMARK [1][-]{section*.85}{\376\377\000R\000a\000n\000d\000\040\000S\000c\000o\000r\000e}{}% 43
\BOOKMARK [1][-]{section*.87}{\376\377\000A\000d\000j\000u\000s\000t\000e\000d\000\040\000R\000a\000n\000d\000\040\000S\000c\000o\000r\000e}{}% 44
\BOOKMARK [1][-]{section*.89}{\376\377\000C\000H\000\040\000S\000c\000o\000r\000e}{}% 45
\BOOKMARK [1][-]{section*.91}{\376\377\000C\000o\000n\000t\000i\000n\000g\000e\000n\000c\000y\000\040\000M\000a\000t\000r\000i\000x}{}% 46
\BOOKMARK [1][-]{section*.93}{\376\377\000P\000a\000i\000r\000\040\000C\000o\000n\000f\000u\000s\000i\000o\000n\000\040\000M\000a\000t\000r\000i\000x}{}% 47
\BOOKMARK [1][-]{section*.95}{\376\377\000C\000o\000m\000p\000l\000e\000t\000e\000n\000e\000s\000s\000\040\000S\000c\000o\000r\000e}{}% 48
\BOOKMARK [1][-]{section*.97}{\376\377\000D\000a\000v\000i\000s\000\040\000B\000o\000u\000l\000d\000i\000n\000\040\000S\000c\000o\000r\000e}{}% 49
\BOOKMARK [1][-]{section*.99}{\376\377\000F\000o\000w\000l\000k\000e\000s\000\040\000M\000a\000l\000l\000o\000w\000s\000\040\000S\000c\000o\000r\000e}{}% 50
\BOOKMARK [1][-]{section*.101}{\376\377\000H\000o\000m\000o\000g\000e\000n\000e\000i\000t\000y\000\040\000S\000c\000o\000r\000e}{}% 51
\BOOKMARK [1][-]{section*.103}{\376\377\000V\000\040\000M\000e\000a\000s\000u\000r\000e}{}% 52
\BOOKMARK [1][-]{section*.105}{\376\377\000H\000o\000m\000o\000g\000e\000n\000e\000i\000t\000y\000\040\000C\000o\000m\000p\000l\000e\000t\000e\000n\000e\000s\000s\000\040\000V\000\040\000M\000e\000a\000s\000u\000r\000e}{}% 53
\BOOKMARK [1][-]{section*.107}{\376\377\000S\000i\000l\000h\000o\000u\000e\000t\000t\000e\000\040\000S\000c\000o\000r\000e}{}% 54
\BOOKMARK [1][-]{section*.109}{\376\377\000\040\000C\000o\000n\000s\000e\000n\000s\000u\000s\000\040\000S\000c\000o\000r\000e}{}% 55
\BOOKMARK [1][-]{section*.111}{\376\377\000R\000a\000n\000k\000i\000n\000g\000\040\000S\000a\000m\000p\000l\000e\000\040\000M\000e\000t\000r\000i\000c}{}% 56
\BOOKMARK [1][-]{section*.113}{\376\377\000C\000o\000m\000p\000u\000t\000e\000r\000\040\000V\000i\000s\000i\000o\000n\000\040\000S\000a\000m\000p\000l\000e\000\040\000M\000e\000t\000r\000i\000c}{}% 57
\BOOKMARK [1][-]{section*.115}{\376\377\000N\000L\000P\000\040\000S\000a\000m\000p\000l\000e\000\040\000M\000e\000t\000r\000i\000c}{}% 58
\BOOKMARK [1][-]{section*.117}{\376\377\000G\000e\000n\000A\000I\000\040\000S\000a\000m\000p\000l\000e\000\040\000M\000e\000t\000r\000i\000c}{}% 59
\BOOKMARK [1][-]{section*.119}{\376\377\000P\000r\000o\000b\000a\000b\000i\000l\000i\000s\000t\000i\000c\000\040\000S\000a\000m\000p\000l\000e\000\040\000M\000e\000t\000r\000i\000c}{}% 60
\BOOKMARK [1][-]{section*.121}{\376\377\000B\000i\000a\000s\000\040\000S\000a\000m\000p\000l\000e\000\040\000M\000e\000t\000r\000i\000c}{}% 61
\BOOKMARK [1][-]{section*.123}{\376\377\000B\000u\000s\000s\000i\000n\000e\000s\000s\000\040\000S\000a\000m\000p\000l\000e\000\040\000M\000e\000t\000r\000i\000c}{}% 62
